2024-10-19 06:00:22,631 INFO {
    "alpha": 1.0,
    "attn_mask_ratio": 0.1,
    "blur_max_kernel": 5,
    "blur_max_sigma": 5,
    "blur_min_kernel": 3,
    "blur_min_sigma": 3,
    "cos_temp": 8,
    "data_path": "./data/iam/lines/",
    "dila_ero_iter": 1,
    "dila_ero_max_kernel": 2,
    "dpi_max_factor": 1.5,
    "dpi_min_factor": 0.5,
    "elastic_distortion_max_alpha": 1,
    "elastic_distortion_max_kernel_size": 3,
    "elastic_distortion_max_magnitude": 20,
    "elastic_distortion_max_sigma": 10,
    "elastic_distortion_min_alpha": 0.5,
    "elastic_distortion_min_kernel_size": 3,
    "elastic_distortion_min_sigma": 1,
    "ema_decay": 0.9999,
    "eval_iter": 1000,
    "exp_name": "iam",
    "img_size": [
        512,
        64
    ],
    "jitter_brightness": 0.4,
    "jitter_contrast": 0.4,
    "jitter_hue": 0.2,
    "jitter_saturation": 0.4,
    "mask_ratio": 0.4,
    "max_lr": 0.001,
    "max_span_length": 8,
    "nb_cls": 80,
    "num_workers": 0,
    "out_dir": "./output",
    "patch_size": [
        4,
        32
    ],
    "perspective_high": 0.4,
    "perspective_low": 0.0,
    "print_iter": 100,
    "proba": 0.5,
    "proj": 8.0,
    "save_dir": "./output\\iam",
    "seed": 123,
    "sharpen_max_alpha": 1,
    "sharpen_max_strength": 1,
    "sharpen_min_alpha": 0,
    "sharpen_min_strength": 0,
    "spacing": 0,
    "subcommand": "IAM",
    "test_data_list": "./data/iam/test.ln",
    "total_iter": 100000,
    "train_bs": 128,
    "train_data_list": "./data/iam/train.ln",
    "use_wandb": false,
    "val_bs": 8,
    "val_data_list": "./data/iam/val.ln",
    "warm_up_iter": 1000,
    "weight_decay": 0.5,
    "zoom_max_h": 1,
    "zoom_max_w": 1,
    "zoom_min_h": 0.8,
    "zoom_min_w": 0.99
}
2024-10-19 06:00:24,094 INFO total_param is 53486096
2024-10-19 06:29:26,932 INFO {
    "alpha": 1.0,
    "attn_mask_ratio": 0.1,
    "blur_max_kernel": 5,
    "blur_max_sigma": 5,
    "blur_min_kernel": 3,
    "blur_min_sigma": 3,
    "cos_temp": 8,
    "data_path": "./data/iam/lines/",
    "dila_ero_iter": 1,
    "dila_ero_max_kernel": 2,
    "dpi_max_factor": 1.5,
    "dpi_min_factor": 0.5,
    "elastic_distortion_max_alpha": 1,
    "elastic_distortion_max_kernel_size": 3,
    "elastic_distortion_max_magnitude": 20,
    "elastic_distortion_max_sigma": 10,
    "elastic_distortion_min_alpha": 0.5,
    "elastic_distortion_min_kernel_size": 3,
    "elastic_distortion_min_sigma": 1,
    "ema_decay": 0.9999,
    "eval_iter": 1000,
    "exp_name": "iam",
    "img_size": [
        512,
        64
    ],
    "jitter_brightness": 0.4,
    "jitter_contrast": 0.4,
    "jitter_hue": 0.2,
    "jitter_saturation": 0.4,
    "mask_ratio": 0.4,
    "max_lr": 0.001,
    "max_span_length": 8,
    "nb_cls": 80,
    "num_workers": 0,
    "out_dir": "./output",
    "patch_size": [
        4,
        32
    ],
    "perspective_high": 0.4,
    "perspective_low": 0.0,
    "print_iter": 100,
    "proba": 0.5,
    "proj": 8.0,
    "save_dir": "./output\\iam",
    "seed": 123,
    "sharpen_max_alpha": 1,
    "sharpen_max_strength": 1,
    "sharpen_min_alpha": 0,
    "sharpen_min_strength": 0,
    "spacing": 0,
    "subcommand": "IAM",
    "test_data_list": "./data/iam/test.ln",
    "total_iter": 100000,
    "train_bs": 128,
    "train_data_list": "./data/iam/train.ln",
    "use_wandb": false,
    "val_bs": 8,
    "val_data_list": "./data/iam/val.ln",
    "warm_up_iter": 1000,
    "weight_decay": 0.5,
    "zoom_max_h": 1,
    "zoom_max_w": 1,
    "zoom_min_h": 0.8,
    "zoom_min_w": 0.99
}
2024-10-19 06:29:27,264 INFO total_param is 53486096
2024-10-19 06:35:12,521 INFO {
    "alpha": 1.0,
    "attn_mask_ratio": 0.1,
    "blur_max_kernel": 5,
    "blur_max_sigma": 5,
    "blur_min_kernel": 3,
    "blur_min_sigma": 3,
    "cos_temp": 8,
    "data_path": "./data/iam/lines/",
    "dila_ero_iter": 1,
    "dila_ero_max_kernel": 2,
    "dpi_max_factor": 1.5,
    "dpi_min_factor": 0.5,
    "elastic_distortion_max_alpha": 1,
    "elastic_distortion_max_kernel_size": 3,
    "elastic_distortion_max_magnitude": 20,
    "elastic_distortion_max_sigma": 10,
    "elastic_distortion_min_alpha": 0.5,
    "elastic_distortion_min_kernel_size": 3,
    "elastic_distortion_min_sigma": 1,
    "ema_decay": 0.9999,
    "eval_iter": 1000,
    "exp_name": "iam",
    "img_size": [
        512,
        64
    ],
    "jitter_brightness": 0.4,
    "jitter_contrast": 0.4,
    "jitter_hue": 0.2,
    "jitter_saturation": 0.4,
    "mask_ratio": 0.4,
    "max_lr": 0.001,
    "max_span_length": 8,
    "nb_cls": 80,
    "num_workers": 0,
    "out_dir": "./output",
    "patch_size": [
        4,
        32
    ],
    "perspective_high": 0.4,
    "perspective_low": 0.0,
    "print_iter": 100,
    "proba": 0.5,
    "proj": 8.0,
    "save_dir": "./output\\iam",
    "seed": 123,
    "sharpen_max_alpha": 1,
    "sharpen_max_strength": 1,
    "sharpen_min_alpha": 0,
    "sharpen_min_strength": 0,
    "spacing": 0,
    "subcommand": "IAM",
    "test_data_list": "./data/iam/test.ln",
    "total_iter": 100000,
    "train_bs": 128,
    "train_data_list": "./data/iam/train.ln",
    "use_wandb": false,
    "val_bs": 8,
    "val_data_list": "./data/iam/val.ln",
    "warm_up_iter": 1000,
    "weight_decay": 0.5,
    "zoom_max_h": 1,
    "zoom_max_w": 1,
    "zoom_min_h": 0.8,
    "zoom_min_w": 0.99
}
2024-10-19 06:35:12,831 INFO total_param is 53486096
2024-10-19 06:40:57,009 INFO {
    "alpha": 1.0,
    "attn_mask_ratio": 0.1,
    "blur_max_kernel": 5,
    "blur_max_sigma": 5,
    "blur_min_kernel": 3,
    "blur_min_sigma": 3,
    "cos_temp": 8,
    "data_path": "./data/iam/lines/",
    "dila_ero_iter": 1,
    "dila_ero_max_kernel": 2,
    "dpi_max_factor": 1.5,
    "dpi_min_factor": 0.5,
    "elastic_distortion_max_alpha": 1,
    "elastic_distortion_max_kernel_size": 3,
    "elastic_distortion_max_magnitude": 20,
    "elastic_distortion_max_sigma": 10,
    "elastic_distortion_min_alpha": 0.5,
    "elastic_distortion_min_kernel_size": 3,
    "elastic_distortion_min_sigma": 1,
    "ema_decay": 0.9999,
    "eval_iter": 1000,
    "exp_name": "iam",
    "img_size": [
        512,
        64
    ],
    "jitter_brightness": 0.4,
    "jitter_contrast": 0.4,
    "jitter_hue": 0.2,
    "jitter_saturation": 0.4,
    "mask_ratio": 0.4,
    "max_lr": 0.001,
    "max_span_length": 8,
    "nb_cls": 80,
    "num_workers": 0,
    "out_dir": "./output",
    "patch_size": [
        4,
        32
    ],
    "perspective_high": 0.4,
    "perspective_low": 0.0,
    "print_iter": 100,
    "proba": 0.5,
    "proj": 8.0,
    "save_dir": "./output\\iam",
    "seed": 123,
    "sharpen_max_alpha": 1,
    "sharpen_max_strength": 1,
    "sharpen_min_alpha": 0,
    "sharpen_min_strength": 0,
    "spacing": 0,
    "subcommand": "IAM",
    "test_data_list": "./data/iam/test.ln",
    "total_iter": 100000,
    "train_bs": 128,
    "train_data_list": "./data/iam/train.ln",
    "use_wandb": false,
    "val_bs": 8,
    "val_data_list": "./data/iam/val.ln",
    "warm_up_iter": 1000,
    "weight_decay": 0.5,
    "zoom_max_h": 1,
    "zoom_max_w": 1,
    "zoom_min_h": 0.8,
    "zoom_min_w": 0.99
}
2024-10-19 06:40:57,317 INFO total_param is 53486096
2024-10-19 06:54:01,399 INFO {
    "alpha": 1.0,
    "attn_mask_ratio": 0.1,
    "blur_max_kernel": 5,
    "blur_max_sigma": 5,
    "blur_min_kernel": 3,
    "blur_min_sigma": 3,
    "cos_temp": 8,
    "data_path": "./data/iam/lines/",
    "dila_ero_iter": 1,
    "dila_ero_max_kernel": 2,
    "dpi_max_factor": 1.5,
    "dpi_min_factor": 0.5,
    "elastic_distortion_max_alpha": 1,
    "elastic_distortion_max_kernel_size": 3,
    "elastic_distortion_max_magnitude": 20,
    "elastic_distortion_max_sigma": 10,
    "elastic_distortion_min_alpha": 0.5,
    "elastic_distortion_min_kernel_size": 3,
    "elastic_distortion_min_sigma": 1,
    "ema_decay": 0.9999,
    "eval_iter": 1000,
    "exp_name": "iam",
    "img_size": [
        512,
        64
    ],
    "jitter_brightness": 0.4,
    "jitter_contrast": 0.4,
    "jitter_hue": 0.2,
    "jitter_saturation": 0.4,
    "mask_ratio": 0.4,
    "max_lr": 0.001,
    "max_span_length": 8,
    "nb_cls": 80,
    "num_workers": 0,
    "out_dir": "./output",
    "patch_size": [
        4,
        32
    ],
    "perspective_high": 0.4,
    "perspective_low": 0.0,
    "print_iter": 100,
    "proba": 0.5,
    "proj": 8.0,
    "save_dir": "./output\\iam",
    "seed": 123,
    "sharpen_max_alpha": 1,
    "sharpen_max_strength": 1,
    "sharpen_min_alpha": 0,
    "sharpen_min_strength": 0,
    "spacing": 0,
    "subcommand": "IAM",
    "test_data_list": "./data/iam/test.ln",
    "total_iter": 100000,
    "train_bs": 128,
    "train_data_list": "./data/iam/train.ln",
    "use_wandb": false,
    "val_bs": 8,
    "val_data_list": "./data/iam/val.ln",
    "warm_up_iter": 1000,
    "weight_decay": 0.5,
    "zoom_max_h": 1,
    "zoom_max_w": 1,
    "zoom_min_h": 0.8,
    "zoom_min_w": 0.99
}
2024-10-19 06:54:01,732 INFO total_param is 53486096
2024-10-19 07:27:15,379 INFO {
    "alpha": 1.0,
    "attn_mask_ratio": 0.1,
    "blur_max_kernel": 5,
    "blur_max_sigma": 5,
    "blur_min_kernel": 3,
    "blur_min_sigma": 3,
    "cos_temp": 8,
    "data_path": "./data/iam/lines/",
    "dila_ero_iter": 1,
    "dila_ero_max_kernel": 2,
    "dpi_max_factor": 1.5,
    "dpi_min_factor": 0.5,
    "elastic_distortion_max_alpha": 1,
    "elastic_distortion_max_kernel_size": 3,
    "elastic_distortion_max_magnitude": 20,
    "elastic_distortion_max_sigma": 10,
    "elastic_distortion_min_alpha": 0.5,
    "elastic_distortion_min_kernel_size": 3,
    "elastic_distortion_min_sigma": 1,
    "ema_decay": 0.9999,
    "eval_iter": 1000,
    "exp_name": "iam",
    "img_size": [
        512,
        64
    ],
    "jitter_brightness": 0.4,
    "jitter_contrast": 0.4,
    "jitter_hue": 0.2,
    "jitter_saturation": 0.4,
    "mask_ratio": 0.4,
    "max_lr": 0.001,
    "max_span_length": 8,
    "nb_cls": 80,
    "num_workers": 0,
    "out_dir": "./output",
    "patch_size": [
        4,
        32
    ],
    "perspective_high": 0.4,
    "perspective_low": 0.0,
    "print_iter": 100,
    "proba": 0.5,
    "proj": 8.0,
    "save_dir": "./output\\iam",
    "seed": 123,
    "sharpen_max_alpha": 1,
    "sharpen_max_strength": 1,
    "sharpen_min_alpha": 0,
    "sharpen_min_strength": 0,
    "spacing": 0,
    "subcommand": "IAM",
    "test_data_list": "./data/iam/test.ln",
    "total_iter": 100000,
    "train_bs": 128,
    "train_data_list": "./data/iam/train.ln",
    "use_wandb": false,
    "val_bs": 8,
    "val_data_list": "./data/iam/val.ln",
    "warm_up_iter": 1000,
    "weight_decay": 0.5,
    "zoom_max_h": 1,
    "zoom_max_w": 1,
    "zoom_min_h": 0.8,
    "zoom_min_w": 0.99
}
2024-10-19 07:27:15,692 INFO total_param is 53486096
2024-10-19 07:27:15,846 INFO Loading train loader...
2024-10-19 07:31:59,190 INFO {
    "alpha": 1.0,
    "attn_mask_ratio": 0.1,
    "blur_max_kernel": 5,
    "blur_max_sigma": 5,
    "blur_min_kernel": 3,
    "blur_min_sigma": 3,
    "cos_temp": 8,
    "data_path": "./data/iam/lines/",
    "dila_ero_iter": 1,
    "dila_ero_max_kernel": 2,
    "dpi_max_factor": 1.5,
    "dpi_min_factor": 0.5,
    "elastic_distortion_max_alpha": 1,
    "elastic_distortion_max_kernel_size": 3,
    "elastic_distortion_max_magnitude": 20,
    "elastic_distortion_max_sigma": 10,
    "elastic_distortion_min_alpha": 0.5,
    "elastic_distortion_min_kernel_size": 3,
    "elastic_distortion_min_sigma": 1,
    "ema_decay": 0.9999,
    "eval_iter": 1000,
    "exp_name": "iam",
    "img_size": [
        512,
        64
    ],
    "jitter_brightness": 0.4,
    "jitter_contrast": 0.4,
    "jitter_hue": 0.2,
    "jitter_saturation": 0.4,
    "mask_ratio": 0.4,
    "max_lr": 0.001,
    "max_span_length": 8,
    "nb_cls": 80,
    "num_workers": 0,
    "out_dir": "./output",
    "patch_size": [
        4,
        32
    ],
    "perspective_high": 0.4,
    "perspective_low": 0.0,
    "print_iter": 100,
    "proba": 0.5,
    "proj": 8.0,
    "save_dir": "./output\\iam",
    "seed": 123,
    "sharpen_max_alpha": 1,
    "sharpen_max_strength": 1,
    "sharpen_min_alpha": 0,
    "sharpen_min_strength": 0,
    "spacing": 0,
    "subcommand": "IAM",
    "test_data_list": "./data/iam/test.ln",
    "total_iter": 100000,
    "train_bs": 128,
    "train_data_list": "./data/iam/train.ln",
    "use_wandb": false,
    "val_bs": 8,
    "val_data_list": "./data/iam/val.ln",
    "warm_up_iter": 1000,
    "weight_decay": 0.5,
    "zoom_max_h": 1,
    "zoom_max_w": 1,
    "zoom_min_h": 0.8,
    "zoom_min_w": 0.99
}
2024-10-19 07:31:59,700 INFO total_param is 53486096
2024-10-19 07:31:59,866 INFO Loading train loader...
2024-10-19 07:44:37,180 INFO {
    "alpha": 1.0,
    "attn_mask_ratio": 0.1,
    "blur_max_kernel": 5,
    "blur_max_sigma": 5,
    "blur_min_kernel": 3,
    "blur_min_sigma": 3,
    "cos_temp": 8,
    "data_path": "./data/iam/lines/",
    "dila_ero_iter": 1,
    "dila_ero_max_kernel": 2,
    "dpi_max_factor": 1.5,
    "dpi_min_factor": 0.5,
    "elastic_distortion_max_alpha": 1,
    "elastic_distortion_max_kernel_size": 3,
    "elastic_distortion_max_magnitude": 20,
    "elastic_distortion_max_sigma": 10,
    "elastic_distortion_min_alpha": 0.5,
    "elastic_distortion_min_kernel_size": 3,
    "elastic_distortion_min_sigma": 1,
    "ema_decay": 0.9999,
    "eval_iter": 1000,
    "exp_name": "iam",
    "img_size": [
        512,
        64
    ],
    "jitter_brightness": 0.4,
    "jitter_contrast": 0.4,
    "jitter_hue": 0.2,
    "jitter_saturation": 0.4,
    "mask_ratio": 0.4,
    "max_lr": 0.001,
    "max_span_length": 8,
    "nb_cls": 80,
    "num_workers": 0,
    "out_dir": "./output",
    "patch_size": [
        4,
        32
    ],
    "perspective_high": 0.4,
    "perspective_low": 0.0,
    "print_iter": 100,
    "proba": 0.5,
    "proj": 8.0,
    "save_dir": "./output\\iam",
    "seed": 123,
    "sharpen_max_alpha": 1,
    "sharpen_max_strength": 1,
    "sharpen_min_alpha": 0,
    "sharpen_min_strength": 0,
    "spacing": 0,
    "subcommand": "IAM",
    "test_data_list": "./data/iam/test.ln",
    "total_iter": 100000,
    "train_bs": 128,
    "train_data_list": "./data/iam/train.ln",
    "use_wandb": false,
    "val_bs": 8,
    "val_data_list": "./data/iam/val.ln",
    "warm_up_iter": 1000,
    "weight_decay": 0.5,
    "zoom_max_h": 1,
    "zoom_max_w": 1,
    "zoom_min_h": 0.8,
    "zoom_min_w": 0.99
}
2024-10-19 07:44:37,491 INFO total_param is 53486096
2024-10-19 07:44:37,698 INFO Loading train loader...
2024-10-19 07:44:56,344 INFO Loading val loader...
2024-10-19 07:47:12,321 INFO {
    "alpha": 1.0,
    "attn_mask_ratio": 0.1,
    "blur_max_kernel": 5,
    "blur_max_sigma": 5,
    "blur_min_kernel": 3,
    "blur_min_sigma": 3,
    "cos_temp": 8,
    "data_path": "./data/iam/lines/",
    "dila_ero_iter": 1,
    "dila_ero_max_kernel": 2,
    "dpi_max_factor": 1.5,
    "dpi_min_factor": 0.5,
    "elastic_distortion_max_alpha": 1,
    "elastic_distortion_max_kernel_size": 3,
    "elastic_distortion_max_magnitude": 20,
    "elastic_distortion_max_sigma": 10,
    "elastic_distortion_min_alpha": 0.5,
    "elastic_distortion_min_kernel_size": 3,
    "elastic_distortion_min_sigma": 1,
    "ema_decay": 0.9999,
    "eval_iter": 1000,
    "exp_name": "iam",
    "img_size": [
        512,
        64
    ],
    "jitter_brightness": 0.4,
    "jitter_contrast": 0.4,
    "jitter_hue": 0.2,
    "jitter_saturation": 0.4,
    "mask_ratio": 0.4,
    "max_lr": 0.001,
    "max_span_length": 8,
    "nb_cls": 80,
    "num_workers": 0,
    "out_dir": "./output",
    "patch_size": [
        4,
        32
    ],
    "perspective_high": 0.4,
    "perspective_low": 0.0,
    "print_iter": 100,
    "proba": 0.5,
    "proj": 8.0,
    "save_dir": "./output\\iam",
    "seed": 123,
    "sharpen_max_alpha": 1,
    "sharpen_max_strength": 1,
    "sharpen_min_alpha": 0,
    "sharpen_min_strength": 0,
    "spacing": 0,
    "subcommand": "IAM",
    "test_data_list": "./data/iam/test.ln",
    "total_iter": 100000,
    "train_bs": 32,
    "train_data_list": "./data/iam/train.ln",
    "use_wandb": false,
    "val_bs": 8,
    "val_data_list": "./data/iam/val.ln",
    "warm_up_iter": 1000,
    "weight_decay": 0.5,
    "zoom_max_h": 1,
    "zoom_max_w": 1,
    "zoom_min_h": 0.8,
    "zoom_min_w": 0.99
}
2024-10-19 07:47:12,680 INFO total_param is 53486096
2024-10-19 07:47:12,830 INFO Loading train loader...
2024-10-19 07:47:13,516 INFO Loading val loader...
2024-10-19 07:49:17,304 INFO Iter : 100 	 LR : 0.00010 	 training loss : 183.41560 	 
2024-10-19 07:51:22,280 INFO Iter : 200 	 LR : 0.00020 	 training loss : 123.06547 	 
2024-10-19 07:55:49,768 INFO {
    "alpha": 1.0,
    "attn_mask_ratio": 0.1,
    "blur_max_kernel": 5,
    "blur_max_sigma": 5,
    "blur_min_kernel": 3,
    "blur_min_sigma": 3,
    "cos_temp": 8,
    "data_path": "./data/iam/lines/",
    "dila_ero_iter": 1,
    "dila_ero_max_kernel": 2,
    "dpi_max_factor": 1.5,
    "dpi_min_factor": 0.5,
    "elastic_distortion_max_alpha": 1,
    "elastic_distortion_max_kernel_size": 3,
    "elastic_distortion_max_magnitude": 20,
    "elastic_distortion_max_sigma": 10,
    "elastic_distortion_min_alpha": 0.5,
    "elastic_distortion_min_kernel_size": 3,
    "elastic_distortion_min_sigma": 1,
    "ema_decay": 0.9999,
    "eval_iter": 1000,
    "exp_name": "iam",
    "img_size": [
        512,
        64
    ],
    "jitter_brightness": 0.4,
    "jitter_contrast": 0.4,
    "jitter_hue": 0.2,
    "jitter_saturation": 0.4,
    "mask_ratio": 0.4,
    "max_lr": 0.001,
    "max_span_length": 8,
    "nb_cls": 80,
    "num_workers": 0,
    "out_dir": "./output",
    "patch_size": [
        4,
        32
    ],
    "perspective_high": 0.4,
    "perspective_low": 0.0,
    "print_iter": 100,
    "proba": 0.5,
    "proj": 8.0,
    "save_dir": "./output\\iam",
    "seed": 123,
    "sharpen_max_alpha": 1,
    "sharpen_max_strength": 1,
    "sharpen_min_alpha": 0,
    "sharpen_min_strength": 0,
    "spacing": 0,
    "subcommand": "IAM",
    "test_data_list": "./data/iam/test.ln",
    "total_iter": 100000,
    "train_bs": 32,
    "train_data_list": "./data/iam/train.ln",
    "use_wandb": false,
    "val_bs": 8,
    "val_data_list": "./data/iam/val.ln",
    "warm_up_iter": 1000,
    "weight_decay": 0.5,
    "zoom_max_h": 1,
    "zoom_max_w": 1,
    "zoom_min_h": 0.8,
    "zoom_min_w": 0.99
}
2024-10-19 07:55:50,104 INFO total_param is 53486096
2024-10-19 07:55:50,263 INFO Loading train loader...
2024-10-19 07:55:50,614 INFO Loading val loader...
2024-10-19 07:58:28,370 INFO {
    "alpha": 1.0,
    "attn_mask_ratio": 0.1,
    "blur_max_kernel": 5,
    "blur_max_sigma": 5,
    "blur_min_kernel": 3,
    "blur_min_sigma": 3,
    "cos_temp": 8,
    "data_path": "./data/iam/lines/",
    "dila_ero_iter": 1,
    "dila_ero_max_kernel": 2,
    "dpi_max_factor": 1.5,
    "dpi_min_factor": 0.5,
    "elastic_distortion_max_alpha": 1,
    "elastic_distortion_max_kernel_size": 3,
    "elastic_distortion_max_magnitude": 20,
    "elastic_distortion_max_sigma": 10,
    "elastic_distortion_min_alpha": 0.5,
    "elastic_distortion_min_kernel_size": 3,
    "elastic_distortion_min_sigma": 1,
    "ema_decay": 0.9999,
    "eval_iter": 1000,
    "exp_name": "iam",
    "img_size": [
        512,
        64
    ],
    "jitter_brightness": 0.4,
    "jitter_contrast": 0.4,
    "jitter_hue": 0.2,
    "jitter_saturation": 0.4,
    "mask_ratio": 0.4,
    "max_lr": 0.001,
    "max_span_length": 8,
    "nb_cls": 80,
    "num_workers": 0,
    "out_dir": "./output",
    "patch_size": [
        4,
        32
    ],
    "perspective_high": 0.4,
    "perspective_low": 0.0,
    "print_iter": 100,
    "proba": 0.5,
    "proj": 8.0,
    "save_dir": "./output\\iam",
    "seed": 123,
    "sharpen_max_alpha": 1,
    "sharpen_max_strength": 1,
    "sharpen_min_alpha": 0,
    "sharpen_min_strength": 0,
    "spacing": 0,
    "subcommand": "IAM",
    "test_data_list": "./data/iam/test.ln",
    "total_iter": 100000,
    "train_bs": 32,
    "train_data_list": "./data/iam/train.ln",
    "use_wandb": false,
    "val_bs": 8,
    "val_data_list": "./data/iam/val.ln",
    "warm_up_iter": 1000,
    "weight_decay": 0.5,
    "zoom_max_h": 1,
    "zoom_max_w": 1,
    "zoom_min_h": 0.8,
    "zoom_min_w": 0.99
}
2024-10-19 07:58:28,712 INFO total_param is 53486096
2024-10-19 07:58:28,859 INFO Loading train loader...
2024-10-19 07:58:29,215 INFO Loading val loader...
2024-10-19 08:01:58,399 INFO {
    "alpha": 1.0,
    "attn_mask_ratio": 0.1,
    "blur_max_kernel": 5,
    "blur_max_sigma": 5,
    "blur_min_kernel": 3,
    "blur_min_sigma": 3,
    "cos_temp": 8,
    "data_path": "./data/iam/lines/",
    "dila_ero_iter": 1,
    "dila_ero_max_kernel": 2,
    "dpi_max_factor": 1.5,
    "dpi_min_factor": 0.5,
    "elastic_distortion_max_alpha": 1,
    "elastic_distortion_max_kernel_size": 3,
    "elastic_distortion_max_magnitude": 20,
    "elastic_distortion_max_sigma": 10,
    "elastic_distortion_min_alpha": 0.5,
    "elastic_distortion_min_kernel_size": 3,
    "elastic_distortion_min_sigma": 1,
    "ema_decay": 0.9999,
    "eval_iter": 1000,
    "exp_name": "iam",
    "img_size": [
        512,
        64
    ],
    "jitter_brightness": 0.4,
    "jitter_contrast": 0.4,
    "jitter_hue": 0.2,
    "jitter_saturation": 0.4,
    "mask_ratio": 0.4,
    "max_lr": 0.001,
    "max_span_length": 8,
    "nb_cls": 80,
    "num_workers": 0,
    "out_dir": "./output",
    "patch_size": [
        4,
        32
    ],
    "perspective_high": 0.4,
    "perspective_low": 0.0,
    "print_iter": 100,
    "proba": 0.5,
    "proj": 8.0,
    "save_dir": "./output\\iam",
    "seed": 123,
    "sharpen_max_alpha": 1,
    "sharpen_max_strength": 1,
    "sharpen_min_alpha": 0,
    "sharpen_min_strength": 0,
    "spacing": 0,
    "subcommand": "IAM",
    "test_data_list": "./data/iam/test.ln",
    "total_iter": 10000,
    "train_bs": 32,
    "train_data_list": "./data/iam/train.ln",
    "use_wandb": false,
    "val_bs": 8,
    "val_data_list": "./data/iam/val.ln",
    "warm_up_iter": 1000,
    "weight_decay": 0.5,
    "zoom_max_h": 1,
    "zoom_max_w": 1,
    "zoom_min_h": 0.8,
    "zoom_min_w": 0.99
}
2024-10-19 08:01:58,792 INFO total_param is 53486096
2024-10-19 08:01:58,950 INFO Loading train loader...
2024-10-19 08:01:59,341 INFO Loading val loader...
2024-10-19 08:03:48,672 INFO Iter : 100 	 LR : 0.00010 	 training loss : 179.63103 	 
2024-10-19 08:05:39,579 INFO Iter : 200 	 LR : 0.00020 	 training loss : 122.81849 	 
2024-10-19 08:07:30,291 INFO Iter : 300 	 LR : 0.00030 	 training loss : 92.51442 	 
2024-10-19 08:09:21,974 INFO Iter : 400 	 LR : 0.00040 	 training loss : 82.07201 	 
2024-10-19 08:11:14,924 INFO Iter : 500 	 LR : 0.00050 	 training loss : 75.63711 	 
2024-10-19 08:13:08,083 INFO Iter : 600 	 LR : 0.00060 	 training loss : 74.22968 	 
2024-10-19 08:15:00,833 INFO Iter : 700 	 LR : 0.00070 	 training loss : 71.23818 	 
2024-10-19 08:16:53,519 INFO Iter : 800 	 LR : 0.00080 	 training loss : 68.99331 	 
2024-10-19 08:18:47,091 INFO Iter : 900 	 LR : 0.00090 	 training loss : 69.12548 	 
2024-10-19 08:20:42,036 INFO Iter : 1000 	 LR : 0.00097 	 training loss : 66.94229 	 
2024-10-19 08:21:12,258 INFO CER improved from 1000000.0000 to 0.1055!!!
2024-10-19 08:21:12,795 INFO WER improved from 1000000.0000 to 0.3175!!!
2024-10-19 08:21:13,434 INFO Val. loss : 21.860 	 CER : 0.1055 	 WER : 0.3175 	 
2024-10-19 08:23:05,764 INFO Iter : 1100 	 LR : 0.00096 	 training loss : 65.50603 	 
2024-10-19 08:24:59,013 INFO Iter : 1200 	 LR : 0.00096 	 training loss : 65.67786 	 
2024-10-19 08:26:50,520 INFO Iter : 1300 	 LR : 0.00095 	 training loss : 62.93759 	 
2024-10-19 08:28:42,852 INFO Iter : 1400 	 LR : 0.00094 	 training loss : 62.33824 	 
2024-10-19 08:30:35,393 INFO Iter : 1500 	 LR : 0.00093 	 training loss : 61.55225 	 
2024-10-19 08:32:28,116 INFO Iter : 1600 	 LR : 0.00092 	 training loss : 59.79522 	 
2024-10-19 08:34:23,131 INFO Iter : 1700 	 LR : 0.00091 	 training loss : 58.41391 	 
2024-10-19 08:36:21,301 INFO Iter : 1800 	 LR : 0.00090 	 training loss : 58.38478 	 
2024-10-19 08:38:21,370 INFO Iter : 1900 	 LR : 0.00089 	 training loss : 57.01255 	 
2024-10-19 08:40:19,039 INFO Iter : 2000 	 LR : 0.00088 	 training loss : 55.81902 	 
2024-10-19 08:40:37,088 INFO CER improved from 0.1055 to 0.0750!!!
2024-10-19 08:40:37,476 INFO WER improved from 0.3175 to 0.2380!!!
2024-10-19 08:40:37,898 INFO Val. loss : 15.706 	 CER : 0.0750 	 WER : 0.2380 	 
2024-10-19 08:42:32,788 INFO Iter : 2100 	 LR : 0.00087 	 training loss : 54.78082 	 
2024-10-19 08:44:29,255 INFO Iter : 2200 	 LR : 0.00086 	 training loss : 54.16225 	 
2024-10-19 08:46:25,003 INFO Iter : 2300 	 LR : 0.00085 	 training loss : 53.13476 	 
2024-10-19 08:48:20,474 INFO Iter : 2400 	 LR : 0.00083 	 training loss : 51.77199 	 
2024-10-19 08:50:15,366 INFO Iter : 2500 	 LR : 0.00082 	 training loss : 51.32341 	 
2024-10-19 08:52:11,007 INFO Iter : 2600 	 LR : 0.00081 	 training loss : 49.25600 	 
2024-10-19 08:54:07,649 INFO Iter : 2700 	 LR : 0.00079 	 training loss : 49.25448 	 
2024-10-19 08:56:04,723 INFO Iter : 2800 	 LR : 0.00078 	 training loss : 46.80826 	 
2024-10-19 08:57:59,993 INFO Iter : 2900 	 LR : 0.00076 	 training loss : 45.02715 	 
2024-10-19 08:59:55,007 INFO Iter : 3000 	 LR : 0.00075 	 training loss : 43.41567 	 
2024-10-19 09:00:10,825 INFO CER improved from 0.0750 to 0.0630!!!
2024-10-19 09:00:11,241 INFO WER improved from 0.2380 to 0.2013!!!
2024-10-19 09:00:11,629 INFO Val. loss : 13.022 	 CER : 0.0630 	 WER : 0.2013 	 
2024-10-19 09:02:06,178 INFO Iter : 3100 	 LR : 0.00073 	 training loss : 42.92886 	 
2024-10-19 09:04:00,976 INFO Iter : 3200 	 LR : 0.00072 	 training loss : 41.24119 	 
2024-10-19 09:05:56,611 INFO Iter : 3300 	 LR : 0.00070 	 training loss : 40.36892 	 
2024-10-19 09:07:53,661 INFO Iter : 3400 	 LR : 0.00069 	 training loss : 38.76186 	 
2024-10-19 09:09:48,620 INFO Iter : 3500 	 LR : 0.00067 	 training loss : 38.61352 	 
2024-10-19 09:11:44,149 INFO Iter : 3600 	 LR : 0.00065 	 training loss : 36.58936 	 
2024-10-19 09:13:38,962 INFO Iter : 3700 	 LR : 0.00064 	 training loss : 35.98958 	 
2024-10-19 09:15:33,802 INFO Iter : 3800 	 LR : 0.00062 	 training loss : 34.62043 	 
2024-10-19 09:17:29,308 INFO Iter : 3900 	 LR : 0.00060 	 training loss : 33.46127 	 
2024-10-19 09:19:22,790 INFO Iter : 4000 	 LR : 0.00059 	 training loss : 34.09684 	 
2024-10-19 09:19:39,420 INFO CER improved from 0.0630 to 0.0560!!!
2024-10-19 09:19:39,841 INFO WER improved from 0.2013 to 0.1785!!!
2024-10-19 09:19:40,238 INFO Val. loss : 11.838 	 CER : 0.0560 	 WER : 0.1785 	 
2024-10-19 09:21:34,075 INFO Iter : 4100 	 LR : 0.00057 	 training loss : 32.29268 	 
2024-10-19 09:23:28,852 INFO Iter : 4200 	 LR : 0.00055 	 training loss : 30.60019 	 
2024-10-19 09:25:23,541 INFO Iter : 4300 	 LR : 0.00053 	 training loss : 30.32133 	 
2024-10-19 09:27:19,261 INFO Iter : 4400 	 LR : 0.00052 	 training loss : 29.74061 	 
2024-10-19 09:29:13,924 INFO Iter : 4500 	 LR : 0.00050 	 training loss : 27.94029 	 
2024-10-19 09:31:08,822 INFO Iter : 4600 	 LR : 0.00048 	 training loss : 27.01885 	 
2024-10-19 09:33:03,802 INFO Iter : 4700 	 LR : 0.00047 	 training loss : 26.26095 	 
2024-10-19 09:35:00,492 INFO Iter : 4800 	 LR : 0.00045 	 training loss : 25.50890 	 
2024-10-19 09:36:55,806 INFO Iter : 4900 	 LR : 0.00043 	 training loss : 24.91399 	 
2024-10-19 09:38:51,632 INFO Iter : 5000 	 LR : 0.00041 	 training loss : 24.50290 	 
2024-10-19 09:39:10,916 INFO CER improved from 0.0560 to 0.0533!!!
2024-10-19 09:39:11,359 INFO WER improved from 0.1785 to 0.1712!!!
2024-10-19 09:39:11,775 INFO Val. loss : 11.245 	 CER : 0.0533 	 WER : 0.1712 	 
2024-10-19 09:41:05,882 INFO Iter : 5100 	 LR : 0.00040 	 training loss : 23.98631 	 
2024-10-19 09:43:01,517 INFO Iter : 5200 	 LR : 0.00038 	 training loss : 22.86040 	 
2024-10-19 09:44:57,075 INFO Iter : 5300 	 LR : 0.00036 	 training loss : 23.07095 	 
2024-10-19 09:46:52,204 INFO Iter : 5400 	 LR : 0.00035 	 training loss : 21.04172 	 
2024-10-19 09:48:47,874 INFO Iter : 5500 	 LR : 0.00033 	 training loss : 21.93523 	 
2024-10-19 09:50:43,114 INFO Iter : 5600 	 LR : 0.00031 	 training loss : 19.93890 	 
2024-10-19 09:52:37,480 INFO Iter : 5700 	 LR : 0.00030 	 training loss : 19.51265 	 
2024-10-19 09:54:32,373 INFO Iter : 5800 	 LR : 0.00028 	 training loss : 19.90272 	 
2024-10-19 09:56:27,181 INFO Iter : 5900 	 LR : 0.00027 	 training loss : 18.93413 	 
2024-10-19 09:58:23,357 INFO Iter : 6000 	 LR : 0.00025 	 training loss : 18.36567 	 
2024-10-19 09:58:41,409 INFO CER improved from 0.0533 to 0.0505!!!
2024-10-19 09:58:41,841 INFO WER improved from 0.1712 to 0.1601!!!
2024-10-19 09:58:42,301 INFO Val. loss : 10.920 	 CER : 0.0505 	 WER : 0.1601 	 
2024-10-19 10:00:38,420 INFO Iter : 6100 	 LR : 0.00024 	 training loss : 18.19809 	 
2024-10-19 10:02:35,482 INFO Iter : 6200 	 LR : 0.00022 	 training loss : 18.05786 	 
2024-10-19 10:04:31,051 INFO Iter : 6300 	 LR : 0.00021 	 training loss : 17.49742 	 
2024-10-19 10:06:27,684 INFO Iter : 6400 	 LR : 0.00019 	 training loss : 15.96554 	 
2024-10-19 10:08:23,089 INFO Iter : 6500 	 LR : 0.00018 	 training loss : 16.16393 	 
2024-10-19 10:10:18,761 INFO Iter : 6600 	 LR : 0.00017 	 training loss : 15.47048 	 
2024-10-19 10:12:14,632 INFO Iter : 6700 	 LR : 0.00015 	 training loss : 16.49098 	 
2024-10-19 10:14:11,008 INFO Iter : 6800 	 LR : 0.00014 	 training loss : 14.77228 	 
2024-10-19 10:16:08,321 INFO Iter : 6900 	 LR : 0.00013 	 training loss : 15.73447 	 
2024-10-19 10:18:03,844 INFO Iter : 7000 	 LR : 0.00012 	 training loss : 14.10895 	 
2024-10-19 10:18:21,417 INFO CER improved from 0.0505 to 0.0495!!!
2024-10-19 10:18:21,885 INFO WER improved from 0.1601 to 0.1576!!!
2024-10-19 10:18:22,369 INFO Val. loss : 11.238 	 CER : 0.0495 	 WER : 0.1576 	 
2024-10-19 10:20:18,648 INFO Iter : 7100 	 LR : 0.00011 	 training loss : 14.10625 	 
2024-10-19 10:22:14,119 INFO Iter : 7200 	 LR : 0.00010 	 training loss : 13.74889 	 
2024-10-19 10:24:09,944 INFO Iter : 7300 	 LR : 0.00009 	 training loss : 13.49405 	 
2024-10-19 10:26:05,468 INFO Iter : 7400 	 LR : 0.00008 	 training loss : 13.01279 	 
2024-10-19 10:28:00,961 INFO Iter : 7500 	 LR : 0.00007 	 training loss : 13.00163 	 
2024-10-19 10:29:56,211 INFO Iter : 7600 	 LR : 0.00006 	 training loss : 13.09904 	 
2024-10-19 10:31:52,346 INFO Iter : 7700 	 LR : 0.00005 	 training loss : 13.04506 	 
2024-10-19 10:33:48,810 INFO Iter : 7800 	 LR : 0.00004 	 training loss : 12.19701 	 
2024-10-19 10:35:43,859 INFO Iter : 7900 	 LR : 0.00004 	 training loss : 12.87205 	 
2024-10-19 10:37:39,183 INFO Iter : 8000 	 LR : 0.00003 	 training loss : 12.80576 	 
2024-10-19 10:37:56,432 INFO CER improved from 0.0495 to 0.0488!!!
2024-10-19 10:37:56,915 INFO Val. loss : 11.415 	 CER : 0.0488 	 WER : 0.1581 	 
2024-10-19 10:39:53,556 INFO Iter : 8100 	 LR : 0.00002 	 training loss : 12.21570 	 
2024-10-19 10:41:50,765 INFO Iter : 8200 	 LR : 0.00002 	 training loss : 12.44115 	 
2024-10-19 10:43:46,700 INFO Iter : 8300 	 LR : 0.00001 	 training loss : 11.24686 	 
2024-10-19 10:45:41,514 INFO Iter : 8400 	 LR : 0.00001 	 training loss : 11.96121 	 
2024-10-19 10:47:38,670 INFO Iter : 8500 	 LR : 0.00001 	 training loss : 11.50449 	 
2024-10-19 10:49:34,593 INFO Iter : 8600 	 LR : 0.00000 	 training loss : 10.70173 	 
2024-10-19 10:51:29,073 INFO Iter : 8700 	 LR : 0.00000 	 training loss : 12.15740 	 
2024-10-19 10:53:23,369 INFO Iter : 8800 	 LR : 0.00000 	 training loss : 11.54772 	 
2024-10-19 10:55:18,682 INFO Iter : 8900 	 LR : 0.00000 	 training loss : 10.75445 	 
2024-10-19 10:57:12,661 INFO Iter : 9000 	 LR : 0.00000 	 training loss : 11.23919 	 
2024-10-19 10:57:30,455 INFO Val. loss : 11.800 	 CER : 0.0497 	 WER : 0.1603 	 
2024-10-19 10:59:24,174 INFO Iter : 9100 	 LR : 0.00000 	 training loss : 12.49078 	 
2024-10-19 11:01:16,799 INFO Iter : 9200 	 LR : 0.00000 	 training loss : 11.57375 	 
2024-10-19 11:03:09,985 INFO Iter : 9300 	 LR : 0.00000 	 training loss : 11.71487 	 
2024-10-19 11:05:06,052 INFO Iter : 9400 	 LR : 0.00000 	 training loss : 11.14760 	 
2024-10-19 11:07:00,344 INFO Iter : 9500 	 LR : 0.00001 	 training loss : 11.03282 	 
2024-10-19 11:08:53,983 INFO Iter : 9600 	 LR : 0.00001 	 training loss : 11.82053 	 
2024-10-19 11:10:47,998 INFO Iter : 9700 	 LR : 0.00001 	 training loss : 11.59267 	 
2024-10-19 11:12:43,659 INFO Iter : 9800 	 LR : 0.00002 	 training loss : 11.02075 	 
2024-10-19 11:14:39,084 INFO Iter : 9900 	 LR : 0.00002 	 training loss : 12.27695 	 
2024-10-19 11:55:12,328 INFO {
    "alpha": 1.0,
    "attn_mask_ratio": 0.1,
    "blur_max_kernel": 5,
    "blur_max_sigma": 5,
    "blur_min_kernel": 3,
    "blur_min_sigma": 3,
    "cos_temp": 8,
    "data_path": "./data/iam/lines/",
    "dila_ero_iter": 1,
    "dila_ero_max_kernel": 2,
    "dpi_max_factor": 1.5,
    "dpi_min_factor": 0.5,
    "elastic_distortion_max_alpha": 1,
    "elastic_distortion_max_kernel_size": 3,
    "elastic_distortion_max_magnitude": 20,
    "elastic_distortion_max_sigma": 10,
    "elastic_distortion_min_alpha": 0.5,
    "elastic_distortion_min_kernel_size": 3,
    "elastic_distortion_min_sigma": 1,
    "ema_decay": 0.9999,
    "eval_iter": 1000,
    "exp_name": "iam",
    "img_size": [
        512,
        64
    ],
    "jitter_brightness": 0.4,
    "jitter_contrast": 0.4,
    "jitter_hue": 0.2,
    "jitter_saturation": 0.4,
    "mask_ratio": 0.4,
    "max_lr": 0.001,
    "max_span_length": 8,
    "nb_cls": 80,
    "num_workers": 0,
    "out_dir": "./output",
    "patch_size": [
        4,
        32
    ],
    "perspective_high": 0.4,
    "perspective_low": 0.0,
    "print_iter": 100,
    "proba": 0.5,
    "proj": 8.0,
    "save_dir": "./output\\iam",
    "seed": 123,
    "sharpen_max_alpha": 1,
    "sharpen_max_strength": 1,
    "sharpen_min_alpha": 0,
    "sharpen_min_strength": 0,
    "spacing": 0,
    "subcommand": "IAM",
    "test_data_list": "./data/iam/test.ln",
    "total_iter": 100000,
    "train_bs": 32,
    "train_data_list": "./data/iam/train.ln",
    "use_wandb": false,
    "val_bs": 8,
    "val_data_list": "./data/iam/val.ln",
    "warm_up_iter": 1000,
    "weight_decay": 0.5,
    "zoom_max_h": 1,
    "zoom_max_w": 1,
    "zoom_min_h": 0.8,
    "zoom_min_w": 0.99
}
2024-10-19 11:55:12,740 INFO loading HWR checkpoint from ./output\iam/best_CER.pth
2024-10-19 11:55:31,083 INFO {
    "alpha": 1.0,
    "attn_mask_ratio": 0.1,
    "blur_max_kernel": 5,
    "blur_max_sigma": 5,
    "blur_min_kernel": 3,
    "blur_min_sigma": 3,
    "cos_temp": 8,
    "data_path": "./data/iam/lines/",
    "dila_ero_iter": 1,
    "dila_ero_max_kernel": 2,
    "dpi_max_factor": 1.5,
    "dpi_min_factor": 0.5,
    "elastic_distortion_max_alpha": 1,
    "elastic_distortion_max_kernel_size": 3,
    "elastic_distortion_max_magnitude": 20,
    "elastic_distortion_max_sigma": 10,
    "elastic_distortion_min_alpha": 0.5,
    "elastic_distortion_min_kernel_size": 3,
    "elastic_distortion_min_sigma": 1,
    "ema_decay": 0.9999,
    "eval_iter": 1000,
    "exp_name": "iam",
    "img_size": [
        512,
        64
    ],
    "jitter_brightness": 0.4,
    "jitter_contrast": 0.4,
    "jitter_hue": 0.2,
    "jitter_saturation": 0.4,
    "mask_ratio": 0.4,
    "max_lr": 0.001,
    "max_span_length": 8,
    "nb_cls": 80,
    "num_workers": 0,
    "out_dir": "./output",
    "patch_size": [
        4,
        32
    ],
    "perspective_high": 0.4,
    "perspective_low": 0.0,
    "print_iter": 100,
    "proba": 0.5,
    "proj": 8.0,
    "save_dir": "./output\\iam",
    "seed": 123,
    "sharpen_max_alpha": 1,
    "sharpen_max_strength": 1,
    "sharpen_min_alpha": 0,
    "sharpen_min_strength": 0,
    "spacing": 0,
    "subcommand": "IAM",
    "test_data_list": "./data/iam/test.ln",
    "total_iter": 10000,
    "train_bs": 32,
    "train_data_list": "./data/iam/train.ln",
    "use_wandb": false,
    "val_bs": 8,
    "val_data_list": "./data/iam/val.ln",
    "warm_up_iter": 1000,
    "weight_decay": 0.5,
    "zoom_max_h": 1,
    "zoom_max_w": 1,
    "zoom_min_h": 0.8,
    "zoom_min_w": 0.99
}
2024-10-19 11:55:31,405 INFO loading HWR checkpoint from ./output\iam/best_CER.pth
2024-10-19 11:55:32,037 INFO Loading test loader...
2024-10-19 11:57:25,804 INFO Test. loss : 15.979 	 CER : 0.0713 	 WER : 0.2211 
2024-10-19 12:10:34,206 INFO {
    "alpha": 1.0,
    "attn_mask_ratio": 0.1,
    "blur_max_kernel": 5,
    "blur_max_sigma": 5,
    "blur_min_kernel": 3,
    "blur_min_sigma": 3,
    "cos_temp": 8,
    "data_path": "./data/iam/lines/",
    "dila_ero_iter": 1,
    "dila_ero_max_kernel": 2,
    "dpi_max_factor": 1.5,
    "dpi_min_factor": 0.5,
    "elastic_distortion_max_alpha": 1,
    "elastic_distortion_max_kernel_size": 3,
    "elastic_distortion_max_magnitude": 20,
    "elastic_distortion_max_sigma": 10,
    "elastic_distortion_min_alpha": 0.5,
    "elastic_distortion_min_kernel_size": 3,
    "elastic_distortion_min_sigma": 1,
    "ema_decay": 0.9999,
    "eval_iter": 1000,
    "exp_name": "iam",
    "img_size": [
        512,
        64
    ],
    "jitter_brightness": 0.4,
    "jitter_contrast": 0.4,
    "jitter_hue": 0.2,
    "jitter_saturation": 0.4,
    "mask_ratio": 0.4,
    "max_lr": 0.001,
    "max_span_length": 8,
    "nb_cls": 80,
    "num_workers": 0,
    "out_dir": "./output",
    "patch_size": [
        4,
        32
    ],
    "perspective_high": 0.4,
    "perspective_low": 0.0,
    "print_iter": 100,
    "proba": 0.5,
    "proj": 8.0,
    "save_dir": "./output\\iam",
    "seed": 123,
    "sharpen_max_alpha": 1,
    "sharpen_max_strength": 1,
    "sharpen_min_alpha": 0,
    "sharpen_min_strength": 0,
    "spacing": 0,
    "subcommand": "IAM",
    "test_data_list": "./data/iam/test.ln",
    "total_iter": 10000,
    "train_bs": 32,
    "train_data_list": "./data/iam/train.ln",
    "use_wandb": false,
    "val_bs": 8,
    "val_data_list": "./data/iam/val.ln",
    "warm_up_iter": 1000,
    "weight_decay": 0.5,
    "zoom_max_h": 1,
    "zoom_max_w": 1,
    "zoom_min_h": 0.8,
    "zoom_min_w": 0.99
}
2024-10-19 12:10:34,701 INFO loading HWR checkpoint from ./output\iam/best_CER.pth
2024-10-19 12:10:35,317 INFO Loading test loader...
2024-10-19 12:11:22,154 INFO Test. loss : 15.979 	 CER : 0.0713 	 WER : 0.2211 
2024-10-19 12:14:38,409 INFO {
    "alpha": 1.0,
    "attn_mask_ratio": 0.1,
    "blur_max_kernel": 5,
    "blur_max_sigma": 5,
    "blur_min_kernel": 3,
    "blur_min_sigma": 3,
    "cos_temp": 8,
    "data_path": "./data/iam/lines/",
    "dila_ero_iter": 1,
    "dila_ero_max_kernel": 2,
    "dpi_max_factor": 1.5,
    "dpi_min_factor": 0.5,
    "elastic_distortion_max_alpha": 1,
    "elastic_distortion_max_kernel_size": 3,
    "elastic_distortion_max_magnitude": 20,
    "elastic_distortion_max_sigma": 10,
    "elastic_distortion_min_alpha": 0.5,
    "elastic_distortion_min_kernel_size": 3,
    "elastic_distortion_min_sigma": 1,
    "ema_decay": 0.9999,
    "eval_iter": 1000,
    "exp_name": "iam",
    "img_size": [
        512,
        64
    ],
    "jitter_brightness": 0.4,
    "jitter_contrast": 0.4,
    "jitter_hue": 0.2,
    "jitter_saturation": 0.4,
    "mask_ratio": 0.4,
    "max_lr": 0.001,
    "max_span_length": 8,
    "nb_cls": 80,
    "num_workers": 0,
    "out_dir": "./output",
    "patch_size": [
        4,
        32
    ],
    "perspective_high": 0.4,
    "perspective_low": 0.0,
    "print_iter": 100,
    "proba": 0.5,
    "proj": 8.0,
    "save_dir": "./output\\iam",
    "seed": 123,
    "sharpen_max_alpha": 1,
    "sharpen_max_strength": 1,
    "sharpen_min_alpha": 0,
    "sharpen_min_strength": 0,
    "spacing": 0,
    "subcommand": "IAM",
    "test_data_list": "./data/iam/test.ln",
    "total_iter": 10000,
    "train_bs": 32,
    "train_data_list": "./data/iam/train.ln",
    "use_wandb": false,
    "val_bs": 8,
    "val_data_list": "./data/iam/val.ln",
    "warm_up_iter": 1000,
    "weight_decay": 0.5,
    "zoom_max_h": 1,
    "zoom_max_w": 1,
    "zoom_min_h": 0.8,
    "zoom_min_w": 0.99
}
2024-10-19 12:14:38,899 INFO loading HWR checkpoint from ./output\iam/best_CER.pth
2024-10-19 12:14:39,478 INFO Loading test loader...
2024-10-19 12:20:38,763 INFO {
    "alpha": 1.0,
    "attn_mask_ratio": 0.1,
    "blur_max_kernel": 5,
    "blur_max_sigma": 5,
    "blur_min_kernel": 3,
    "blur_min_sigma": 3,
    "cos_temp": 8,
    "data_path": "./data/iam/lines/",
    "dila_ero_iter": 1,
    "dila_ero_max_kernel": 2,
    "dpi_max_factor": 1.5,
    "dpi_min_factor": 0.5,
    "elastic_distortion_max_alpha": 1,
    "elastic_distortion_max_kernel_size": 3,
    "elastic_distortion_max_magnitude": 20,
    "elastic_distortion_max_sigma": 10,
    "elastic_distortion_min_alpha": 0.5,
    "elastic_distortion_min_kernel_size": 3,
    "elastic_distortion_min_sigma": 1,
    "ema_decay": 0.9999,
    "eval_iter": 1000,
    "exp_name": "iam",
    "img_size": [
        512,
        64
    ],
    "jitter_brightness": 0.4,
    "jitter_contrast": 0.4,
    "jitter_hue": 0.2,
    "jitter_saturation": 0.4,
    "mask_ratio": 0.4,
    "max_lr": 0.001,
    "max_span_length": 8,
    "nb_cls": 80,
    "num_workers": 0,
    "out_dir": "./output",
    "patch_size": [
        4,
        32
    ],
    "perspective_high": 0.4,
    "perspective_low": 0.0,
    "print_iter": 100,
    "proba": 0.5,
    "proj": 8.0,
    "save_dir": "./output\\iam",
    "seed": 123,
    "sharpen_max_alpha": 1,
    "sharpen_max_strength": 1,
    "sharpen_min_alpha": 0,
    "sharpen_min_strength": 0,
    "spacing": 0,
    "subcommand": "IAM",
    "test_data_list": "./data/iam/test.ln",
    "total_iter": 10000,
    "train_bs": 32,
    "train_data_list": "./data/iam/train.ln",
    "use_wandb": false,
    "val_bs": 8,
    "val_data_list": "./data/iam/val.ln",
    "warm_up_iter": 1000,
    "weight_decay": 0.5,
    "zoom_max_h": 1,
    "zoom_max_w": 1,
    "zoom_min_h": 0.8,
    "zoom_min_w": 0.99
}
2024-10-19 12:20:39,306 INFO loading HWR checkpoint from ./output\iam/best_CER.pth
2024-10-19 12:20:39,869 INFO Loading test loader...
2024-10-19 12:21:25,092 INFO Test. loss : 15.979 	 CER : 0.0713 	 WER : 0.2211 
2024-10-19 12:25:29,164 INFO {
    "alpha": 1.0,
    "attn_mask_ratio": 0.1,
    "blur_max_kernel": 5,
    "blur_max_sigma": 5,
    "blur_min_kernel": 3,
    "blur_min_sigma": 3,
    "cos_temp": 8,
    "data_path": "./data/iam/lines/",
    "dila_ero_iter": 1,
    "dila_ero_max_kernel": 2,
    "dpi_max_factor": 1.5,
    "dpi_min_factor": 0.5,
    "elastic_distortion_max_alpha": 1,
    "elastic_distortion_max_kernel_size": 3,
    "elastic_distortion_max_magnitude": 20,
    "elastic_distortion_max_sigma": 10,
    "elastic_distortion_min_alpha": 0.5,
    "elastic_distortion_min_kernel_size": 3,
    "elastic_distortion_min_sigma": 1,
    "ema_decay": 0.9999,
    "eval_iter": 1000,
    "exp_name": "iam",
    "img_size": [
        512,
        64
    ],
    "jitter_brightness": 0.4,
    "jitter_contrast": 0.4,
    "jitter_hue": 0.2,
    "jitter_saturation": 0.4,
    "mask_ratio": 0.4,
    "max_lr": 0.001,
    "max_span_length": 8,
    "nb_cls": 80,
    "num_workers": 0,
    "out_dir": "./output",
    "patch_size": [
        4,
        32
    ],
    "perspective_high": 0.4,
    "perspective_low": 0.0,
    "print_iter": 100,
    "proba": 0.5,
    "proj": 8.0,
    "save_dir": "./output\\iam",
    "seed": 123,
    "sharpen_max_alpha": 1,
    "sharpen_max_strength": 1,
    "sharpen_min_alpha": 0,
    "sharpen_min_strength": 0,
    "spacing": 0,
    "subcommand": "IAM",
    "test_data_list": "./data/iam/test.ln",
    "total_iter": 10000,
    "train_bs": 32,
    "train_data_list": "./data/iam/train.ln",
    "use_wandb": false,
    "val_bs": 8,
    "val_data_list": "./data/iam/val.ln",
    "warm_up_iter": 1000,
    "weight_decay": 0.5,
    "zoom_max_h": 1,
    "zoom_max_w": 1,
    "zoom_min_h": 0.8,
    "zoom_min_w": 0.99
}
2024-10-19 12:25:29,688 INFO loading HWR checkpoint from ./output\iam/best_CER.pth
2024-10-19 12:25:30,306 INFO Loading test loader...
2024-10-19 12:26:13,827 INFO {
    "alpha": 1.0,
    "attn_mask_ratio": 0.1,
    "blur_max_kernel": 5,
    "blur_max_sigma": 5,
    "blur_min_kernel": 3,
    "blur_min_sigma": 3,
    "cos_temp": 8,
    "data_path": "./data/iam/lines/",
    "dila_ero_iter": 1,
    "dila_ero_max_kernel": 2,
    "dpi_max_factor": 1.5,
    "dpi_min_factor": 0.5,
    "elastic_distortion_max_alpha": 1,
    "elastic_distortion_max_kernel_size": 3,
    "elastic_distortion_max_magnitude": 20,
    "elastic_distortion_max_sigma": 10,
    "elastic_distortion_min_alpha": 0.5,
    "elastic_distortion_min_kernel_size": 3,
    "elastic_distortion_min_sigma": 1,
    "ema_decay": 0.9999,
    "eval_iter": 1000,
    "exp_name": "iam",
    "img_size": [
        512,
        64
    ],
    "jitter_brightness": 0.4,
    "jitter_contrast": 0.4,
    "jitter_hue": 0.2,
    "jitter_saturation": 0.4,
    "mask_ratio": 0.4,
    "max_lr": 0.001,
    "max_span_length": 8,
    "nb_cls": 80,
    "num_workers": 0,
    "out_dir": "./output",
    "patch_size": [
        4,
        32
    ],
    "perspective_high": 0.4,
    "perspective_low": 0.0,
    "print_iter": 100,
    "proba": 0.5,
    "proj": 8.0,
    "save_dir": "./output\\iam",
    "seed": 123,
    "sharpen_max_alpha": 1,
    "sharpen_max_strength": 1,
    "sharpen_min_alpha": 0,
    "sharpen_min_strength": 0,
    "spacing": 0,
    "subcommand": "IAM",
    "test_data_list": "./data/iam/test.ln",
    "total_iter": 10000,
    "train_bs": 32,
    "train_data_list": "./data/iam/train.ln",
    "use_wandb": false,
    "val_bs": 8,
    "val_data_list": "./data/iam/val.ln",
    "warm_up_iter": 1000,
    "weight_decay": 0.5,
    "zoom_max_h": 1,
    "zoom_max_w": 1,
    "zoom_min_h": 0.8,
    "zoom_min_w": 0.99
}
2024-10-19 12:26:14,362 INFO loading HWR checkpoint from ./output\iam/best_CER.pth
2024-10-19 12:26:14,919 INFO Loading test loader...
2024-10-19 12:37:13,428 INFO {
    "alpha": 1.0,
    "attn_mask_ratio": 0.1,
    "blur_max_kernel": 5,
    "blur_max_sigma": 5,
    "blur_min_kernel": 3,
    "blur_min_sigma": 3,
    "cos_temp": 8,
    "data_path": "./data/iam/lines/",
    "dila_ero_iter": 1,
    "dila_ero_max_kernel": 2,
    "dpi_max_factor": 1.5,
    "dpi_min_factor": 0.5,
    "elastic_distortion_max_alpha": 1,
    "elastic_distortion_max_kernel_size": 3,
    "elastic_distortion_max_magnitude": 20,
    "elastic_distortion_max_sigma": 10,
    "elastic_distortion_min_alpha": 0.5,
    "elastic_distortion_min_kernel_size": 3,
    "elastic_distortion_min_sigma": 1,
    "ema_decay": 0.9999,
    "eval_iter": 1000,
    "exp_name": "iam",
    "img_size": [
        512,
        64
    ],
    "jitter_brightness": 0.4,
    "jitter_contrast": 0.4,
    "jitter_hue": 0.2,
    "jitter_saturation": 0.4,
    "mask_ratio": 0.4,
    "max_lr": 0.001,
    "max_span_length": 8,
    "nb_cls": 80,
    "num_workers": 0,
    "out_dir": "./output",
    "patch_size": [
        4,
        32
    ],
    "perspective_high": 0.4,
    "perspective_low": 0.0,
    "print_iter": 100,
    "proba": 0.5,
    "proj": 8.0,
    "save_dir": "./output\\iam",
    "seed": 123,
    "sharpen_max_alpha": 1,
    "sharpen_max_strength": 1,
    "sharpen_min_alpha": 0,
    "sharpen_min_strength": 0,
    "spacing": 0,
    "subcommand": "IAM",
    "test_data_list": "./data/iam/test.ln",
    "total_iter": 10000,
    "train_bs": 32,
    "train_data_list": "./data/iam/train.ln",
    "use_wandb": false,
    "val_bs": 8,
    "val_data_list": "./data/iam/val.ln",
    "warm_up_iter": 1000,
    "weight_decay": 0.5,
    "zoom_max_h": 1,
    "zoom_max_w": 1,
    "zoom_min_h": 0.8,
    "zoom_min_w": 0.99
}
2024-10-19 12:37:13,732 INFO loading HWR checkpoint from ./output\iam/best_CER.pth
2024-10-19 12:37:14,288 INFO Loading test loader...
2024-10-19 12:39:11,130 INFO {
    "alpha": 1.0,
    "attn_mask_ratio": 0.1,
    "blur_max_kernel": 5,
    "blur_max_sigma": 5,
    "blur_min_kernel": 3,
    "blur_min_sigma": 3,
    "cos_temp": 8,
    "data_path": "./data/iam/lines/",
    "dila_ero_iter": 1,
    "dila_ero_max_kernel": 2,
    "dpi_max_factor": 1.5,
    "dpi_min_factor": 0.5,
    "elastic_distortion_max_alpha": 1,
    "elastic_distortion_max_kernel_size": 3,
    "elastic_distortion_max_magnitude": 20,
    "elastic_distortion_max_sigma": 10,
    "elastic_distortion_min_alpha": 0.5,
    "elastic_distortion_min_kernel_size": 3,
    "elastic_distortion_min_sigma": 1,
    "ema_decay": 0.9999,
    "eval_iter": 1000,
    "exp_name": "iam",
    "img_size": [
        512,
        64
    ],
    "jitter_brightness": 0.4,
    "jitter_contrast": 0.4,
    "jitter_hue": 0.2,
    "jitter_saturation": 0.4,
    "mask_ratio": 0.4,
    "max_lr": 0.001,
    "max_span_length": 8,
    "nb_cls": 80,
    "num_workers": 0,
    "out_dir": "./output",
    "patch_size": [
        4,
        32
    ],
    "perspective_high": 0.4,
    "perspective_low": 0.0,
    "print_iter": 100,
    "proba": 0.5,
    "proj": 8.0,
    "save_dir": "./output\\iam",
    "seed": 123,
    "sharpen_max_alpha": 1,
    "sharpen_max_strength": 1,
    "sharpen_min_alpha": 0,
    "sharpen_min_strength": 0,
    "spacing": 0,
    "subcommand": "IAM",
    "test_data_list": "./data/iam/test.ln",
    "total_iter": 10000,
    "train_bs": 32,
    "train_data_list": "./data/iam/train.ln",
    "use_wandb": false,
    "val_bs": 8,
    "val_data_list": "./data/iam/val.ln",
    "warm_up_iter": 1000,
    "weight_decay": 0.5,
    "zoom_max_h": 1,
    "zoom_max_w": 1,
    "zoom_min_h": 0.8,
    "zoom_min_w": 0.99
}
2024-10-19 12:39:11,443 INFO loading HWR checkpoint from ./output\iam/best_CER.pth
2024-10-19 12:39:11,980 INFO Loading test loader...
2024-10-19 12:39:56,159 INFO Test. loss : 15.979 	 CER : 0.0713 	 WER : 0.2211 
2024-10-19 12:41:40,225 INFO {
    "alpha": 1.0,
    "attn_mask_ratio": 0.1,
    "blur_max_kernel": 5,
    "blur_max_sigma": 5,
    "blur_min_kernel": 3,
    "blur_min_sigma": 3,
    "cos_temp": 8,
    "data_path": "./data/iam/lines/",
    "dila_ero_iter": 1,
    "dila_ero_max_kernel": 2,
    "dpi_max_factor": 1.5,
    "dpi_min_factor": 0.5,
    "elastic_distortion_max_alpha": 1,
    "elastic_distortion_max_kernel_size": 3,
    "elastic_distortion_max_magnitude": 20,
    "elastic_distortion_max_sigma": 10,
    "elastic_distortion_min_alpha": 0.5,
    "elastic_distortion_min_kernel_size": 3,
    "elastic_distortion_min_sigma": 1,
    "ema_decay": 0.9999,
    "eval_iter": 1000,
    "exp_name": "iam",
    "img_size": [
        512,
        64
    ],
    "jitter_brightness": 0.4,
    "jitter_contrast": 0.4,
    "jitter_hue": 0.2,
    "jitter_saturation": 0.4,
    "mask_ratio": 0.4,
    "max_lr": 0.001,
    "max_span_length": 8,
    "nb_cls": 80,
    "num_workers": 0,
    "out_dir": "./output",
    "patch_size": [
        4,
        32
    ],
    "perspective_high": 0.4,
    "perspective_low": 0.0,
    "print_iter": 100,
    "proba": 0.5,
    "proj": 8.0,
    "save_dir": "./output\\iam",
    "seed": 123,
    "sharpen_max_alpha": 1,
    "sharpen_max_strength": 1,
    "sharpen_min_alpha": 0,
    "sharpen_min_strength": 0,
    "spacing": 0,
    "subcommand": "IAM",
    "test_data_list": "./data/iam/test.ln",
    "total_iter": 10000,
    "train_bs": 32,
    "train_data_list": "./data/iam/train.ln",
    "use_wandb": false,
    "val_bs": 8,
    "val_data_list": "./data/iam/val.ln",
    "warm_up_iter": 1000,
    "weight_decay": 0.5,
    "zoom_max_h": 1,
    "zoom_max_w": 1,
    "zoom_min_h": 0.8,
    "zoom_min_w": 0.99
}
2024-10-19 12:41:40,523 INFO loading HWR checkpoint from ./output\iam/best_CER.pth
2024-10-19 12:41:41,069 INFO Loading test loader...
2024-10-19 12:41:41,765 INFO Test. loss : 30.188 	 CER : 0.1397 	 WER : 0.3714 
2024-10-19 12:43:56,746 INFO {
    "alpha": 1.0,
    "attn_mask_ratio": 0.1,
    "blur_max_kernel": 5,
    "blur_max_sigma": 5,
    "blur_min_kernel": 3,
    "blur_min_sigma": 3,
    "cos_temp": 8,
    "data_path": "./data/iam/lines/",
    "dila_ero_iter": 1,
    "dila_ero_max_kernel": 2,
    "dpi_max_factor": 1.5,
    "dpi_min_factor": 0.5,
    "elastic_distortion_max_alpha": 1,
    "elastic_distortion_max_kernel_size": 3,
    "elastic_distortion_max_magnitude": 20,
    "elastic_distortion_max_sigma": 10,
    "elastic_distortion_min_alpha": 0.5,
    "elastic_distortion_min_kernel_size": 3,
    "elastic_distortion_min_sigma": 1,
    "ema_decay": 0.9999,
    "eval_iter": 1000,
    "exp_name": "iam",
    "img_size": [
        512,
        64
    ],
    "jitter_brightness": 0.4,
    "jitter_contrast": 0.4,
    "jitter_hue": 0.2,
    "jitter_saturation": 0.4,
    "mask_ratio": 0.4,
    "max_lr": 0.001,
    "max_span_length": 8,
    "nb_cls": 80,
    "num_workers": 0,
    "out_dir": "./output",
    "patch_size": [
        4,
        32
    ],
    "perspective_high": 0.4,
    "perspective_low": 0.0,
    "print_iter": 100,
    "proba": 0.5,
    "proj": 8.0,
    "save_dir": "./output\\iam",
    "seed": 123,
    "sharpen_max_alpha": 1,
    "sharpen_max_strength": 1,
    "sharpen_min_alpha": 0,
    "sharpen_min_strength": 0,
    "spacing": 0,
    "subcommand": "IAM",
    "test_data_list": "./data/iam/test.ln",
    "total_iter": 10000,
    "train_bs": 32,
    "train_data_list": "./data/iam/train.ln",
    "use_wandb": false,
    "val_bs": 8,
    "val_data_list": "./data/iam/val.ln",
    "warm_up_iter": 1000,
    "weight_decay": 0.5,
    "zoom_max_h": 1,
    "zoom_max_w": 1,
    "zoom_min_h": 0.8,
    "zoom_min_w": 0.99
}
2024-10-19 12:43:57,152 INFO loading HWR checkpoint from ./output\iam/best_CER.pth
2024-10-19 12:43:57,767 INFO Loading test loader...
2024-10-19 12:44:16,600 INFO {
    "alpha": 1.0,
    "attn_mask_ratio": 0.1,
    "blur_max_kernel": 5,
    "blur_max_sigma": 5,
    "blur_min_kernel": 3,
    "blur_min_sigma": 3,
    "cos_temp": 8,
    "data_path": "./data/iam/lines/",
    "dila_ero_iter": 1,
    "dila_ero_max_kernel": 2,
    "dpi_max_factor": 1.5,
    "dpi_min_factor": 0.5,
    "elastic_distortion_max_alpha": 1,
    "elastic_distortion_max_kernel_size": 3,
    "elastic_distortion_max_magnitude": 20,
    "elastic_distortion_max_sigma": 10,
    "elastic_distortion_min_alpha": 0.5,
    "elastic_distortion_min_kernel_size": 3,
    "elastic_distortion_min_sigma": 1,
    "ema_decay": 0.9999,
    "eval_iter": 1000,
    "exp_name": "iam",
    "img_size": [
        512,
        64
    ],
    "jitter_brightness": 0.4,
    "jitter_contrast": 0.4,
    "jitter_hue": 0.2,
    "jitter_saturation": 0.4,
    "mask_ratio": 0.4,
    "max_lr": 0.001,
    "max_span_length": 8,
    "nb_cls": 80,
    "num_workers": 0,
    "out_dir": "./output",
    "patch_size": [
        4,
        32
    ],
    "perspective_high": 0.4,
    "perspective_low": 0.0,
    "print_iter": 100,
    "proba": 0.5,
    "proj": 8.0,
    "save_dir": "./output\\iam",
    "seed": 123,
    "sharpen_max_alpha": 1,
    "sharpen_max_strength": 1,
    "sharpen_min_alpha": 0,
    "sharpen_min_strength": 0,
    "spacing": 0,
    "subcommand": "IAM",
    "test_data_list": "./data/iam/test.ln",
    "total_iter": 10000,
    "train_bs": 32,
    "train_data_list": "./data/iam/train.ln",
    "use_wandb": false,
    "val_bs": 8,
    "val_data_list": "./data/iam/val.ln",
    "warm_up_iter": 1000,
    "weight_decay": 0.5,
    "zoom_max_h": 1,
    "zoom_max_w": 1,
    "zoom_min_h": 0.8,
    "zoom_min_w": 0.99
}
2024-10-19 12:44:16,998 INFO loading HWR checkpoint from ./output\iam/best_CER.pth
2024-10-19 12:44:17,580 INFO Loading test loader...
2024-10-19 12:44:18,292 INFO Test. loss : 8.556 	 CER : 1.0000 	 WER : 1.0000 
2024-10-19 12:45:17,131 INFO {
    "alpha": 1.0,
    "attn_mask_ratio": 0.1,
    "blur_max_kernel": 5,
    "blur_max_sigma": 5,
    "blur_min_kernel": 3,
    "blur_min_sigma": 3,
    "cos_temp": 8,
    "data_path": "./data/iam/lines/",
    "dila_ero_iter": 1,
    "dila_ero_max_kernel": 2,
    "dpi_max_factor": 1.5,
    "dpi_min_factor": 0.5,
    "elastic_distortion_max_alpha": 1,
    "elastic_distortion_max_kernel_size": 3,
    "elastic_distortion_max_magnitude": 20,
    "elastic_distortion_max_sigma": 10,
    "elastic_distortion_min_alpha": 0.5,
    "elastic_distortion_min_kernel_size": 3,
    "elastic_distortion_min_sigma": 1,
    "ema_decay": 0.9999,
    "eval_iter": 1000,
    "exp_name": "iam",
    "img_size": [
        512,
        64
    ],
    "jitter_brightness": 0.4,
    "jitter_contrast": 0.4,
    "jitter_hue": 0.2,
    "jitter_saturation": 0.4,
    "mask_ratio": 0.4,
    "max_lr": 0.001,
    "max_span_length": 8,
    "nb_cls": 80,
    "num_workers": 0,
    "out_dir": "./output",
    "patch_size": [
        4,
        32
    ],
    "perspective_high": 0.4,
    "perspective_low": 0.0,
    "print_iter": 100,
    "proba": 0.5,
    "proj": 8.0,
    "save_dir": "./output\\iam",
    "seed": 123,
    "sharpen_max_alpha": 1,
    "sharpen_max_strength": 1,
    "sharpen_min_alpha": 0,
    "sharpen_min_strength": 0,
    "spacing": 0,
    "subcommand": "IAM",
    "test_data_list": "./data/iam/test.ln",
    "total_iter": 10000,
    "train_bs": 32,
    "train_data_list": "./data/iam/train.ln",
    "use_wandb": false,
    "val_bs": 8,
    "val_data_list": "./data/iam/val.ln",
    "warm_up_iter": 1000,
    "weight_decay": 0.5,
    "zoom_max_h": 1,
    "zoom_max_w": 1,
    "zoom_min_h": 0.8,
    "zoom_min_w": 0.99
}
2024-10-19 12:45:17,516 INFO loading HWR checkpoint from ./output\iam/best_CER.pth
2024-10-19 12:45:18,065 INFO Loading test loader...
2024-10-19 12:45:18,740 INFO Test. loss : 234.734 	 CER : 25.0000 	 WER : 4.0000 
2024-10-19 12:46:04,036 INFO {
    "alpha": 1.0,
    "attn_mask_ratio": 0.1,
    "blur_max_kernel": 5,
    "blur_max_sigma": 5,
    "blur_min_kernel": 3,
    "blur_min_sigma": 3,
    "cos_temp": 8,
    "data_path": "./data/iam/lines/",
    "dila_ero_iter": 1,
    "dila_ero_max_kernel": 2,
    "dpi_max_factor": 1.5,
    "dpi_min_factor": 0.5,
    "elastic_distortion_max_alpha": 1,
    "elastic_distortion_max_kernel_size": 3,
    "elastic_distortion_max_magnitude": 20,
    "elastic_distortion_max_sigma": 10,
    "elastic_distortion_min_alpha": 0.5,
    "elastic_distortion_min_kernel_size": 3,
    "elastic_distortion_min_sigma": 1,
    "ema_decay": 0.9999,
    "eval_iter": 1000,
    "exp_name": "iam",
    "img_size": [
        512,
        64
    ],
    "jitter_brightness": 0.4,
    "jitter_contrast": 0.4,
    "jitter_hue": 0.2,
    "jitter_saturation": 0.4,
    "mask_ratio": 0.4,
    "max_lr": 0.001,
    "max_span_length": 8,
    "nb_cls": 80,
    "num_workers": 0,
    "out_dir": "./output",
    "patch_size": [
        4,
        32
    ],
    "perspective_high": 0.4,
    "perspective_low": 0.0,
    "print_iter": 100,
    "proba": 0.5,
    "proj": 8.0,
    "save_dir": "./output\\iam",
    "seed": 123,
    "sharpen_max_alpha": 1,
    "sharpen_max_strength": 1,
    "sharpen_min_alpha": 0,
    "sharpen_min_strength": 0,
    "spacing": 0,
    "subcommand": "IAM",
    "test_data_list": "./data/iam/test.ln",
    "total_iter": 10000,
    "train_bs": 32,
    "train_data_list": "./data/iam/train.ln",
    "use_wandb": false,
    "val_bs": 8,
    "val_data_list": "./data/iam/val.ln",
    "warm_up_iter": 1000,
    "weight_decay": 0.5,
    "zoom_max_h": 1,
    "zoom_max_w": 1,
    "zoom_min_h": 0.8,
    "zoom_min_w": 0.99
}
2024-10-19 12:46:04,426 INFO loading HWR checkpoint from ./output\iam/best_CER.pth
2024-10-19 12:46:04,990 INFO Loading test loader...
2024-10-19 12:46:05,660 INFO Test. loss : 35.163 	 CER : 0.2500 	 WER : 1.0000 
